<?xml version="1.0" encoding="UTF-8"?>
<testsuite name="ee.taltech.team24backend.Team24backendApplicationTests" tests="1" skipped="0" failures="0" errors="0" timestamp="2020-10-09T19:29:24" hostname="DESKTOP-SMNIPBR" time="0.162">
  <properties/>
  <testcase name="contextLoads()" classname="ee.taltech.team24backend.Team24backendApplicationTests" time="0.162"/>
  <system-out><![CDATA[22:29:09.094 [Test worker] DEBUG org.springframework.test.context.BootstrapUtils - Instantiating CacheAwareContextLoaderDelegate from class [org.springframework.test.context.cache.DefaultCacheAwareContextLoaderDelegate]
22:29:09.110 [Test worker] DEBUG org.springframework.test.context.BootstrapUtils - Instantiating BootstrapContext using constructor [public org.springframework.test.context.support.DefaultBootstrapContext(java.lang.Class,org.springframework.test.context.CacheAwareContextLoaderDelegate)]
22:29:09.152 [Test worker] DEBUG org.springframework.test.context.BootstrapUtils - Instantiating TestContextBootstrapper for test class [ee.taltech.team24backend.Team24backendApplicationTests] from class [org.springframework.boot.test.context.SpringBootTestContextBootstrapper]
22:29:09.173 [Test worker] INFO org.springframework.boot.test.context.SpringBootTestContextBootstrapper - Neither @ContextConfiguration nor @ContextHierarchy found for test class [ee.taltech.team24backend.Team24backendApplicationTests], using SpringBootContextLoader
22:29:09.178 [Test worker] DEBUG org.springframework.test.context.support.AbstractContextLoader - Did not detect default resource location for test class [ee.taltech.team24backend.Team24backendApplicationTests]: class path resource [ee/taltech/team24backend/Team24backendApplicationTests-context.xml] does not exist
22:29:09.179 [Test worker] DEBUG org.springframework.test.context.support.AbstractContextLoader - Did not detect default resource location for test class [ee.taltech.team24backend.Team24backendApplicationTests]: class path resource [ee/taltech/team24backend/Team24backendApplicationTestsContext.groovy] does not exist
22:29:09.181 [Test worker] INFO org.springframework.test.context.support.AbstractContextLoader - Could not detect default resource locations for test class [ee.taltech.team24backend.Team24backendApplicationTests]: no resource found for suffixes {-context.xml, Context.groovy}.
22:29:09.182 [Test worker] INFO org.springframework.test.context.support.AnnotationConfigContextLoaderUtils - Could not detect default configuration classes for test class [ee.taltech.team24backend.Team24backendApplicationTests]: Team24backendApplicationTests does not declare any static, non-private, non-final, nested classes annotated with @Configuration.
22:29:09.238 [Test worker] DEBUG org.springframework.test.context.support.ActiveProfilesUtils - Could not find an 'annotation declaring class' for annotation type [org.springframework.test.context.ActiveProfiles] and class [ee.taltech.team24backend.Team24backendApplicationTests]
22:29:09.321 [Test worker] DEBUG org.springframework.context.annotation.ClassPathScanningCandidateComponentProvider - Identified candidate component class: file [C:\Users\MSI\IdeaProjects\iti0203-2020-team24-back\build\classes\java\main\ee\taltech\team24backend\Team24backendApplication.class]
22:29:09.323 [Test worker] INFO org.springframework.boot.test.context.SpringBootTestContextBootstrapper - Found @SpringBootConfiguration ee.taltech.team24backend.Team24backendApplication for test class ee.taltech.team24backend.Team24backendApplicationTests
22:29:09.504 [Test worker] DEBUG org.springframework.boot.test.context.SpringBootTestContextBootstrapper - @TestExecutionListeners is not present for class [ee.taltech.team24backend.Team24backendApplicationTests]: using defaults.
22:29:09.505 [Test worker] INFO org.springframework.boot.test.context.SpringBootTestContextBootstrapper - Loaded default TestExecutionListener class names from location [META-INF/spring.factories]: [org.springframework.boot.test.autoconfigure.restdocs.RestDocsTestExecutionListener, org.springframework.boot.test.autoconfigure.web.client.MockRestServiceServerResetTestExecutionListener, org.springframework.boot.test.autoconfigure.web.servlet.MockMvcPrintOnlyOnFailureTestExecutionListener, org.springframework.boot.test.autoconfigure.web.servlet.WebDriverTestExecutionListener, org.springframework.boot.test.autoconfigure.webservices.client.MockWebServiceServerTestExecutionListener, org.springframework.boot.test.mock.mockito.MockitoTestExecutionListener, org.springframework.boot.test.mock.mockito.ResetMocksTestExecutionListener, org.springframework.test.context.web.ServletTestExecutionListener, org.springframework.test.context.support.DirtiesContextBeforeModesTestExecutionListener, org.springframework.test.context.support.DependencyInjectionTestExecutionListener, org.springframework.test.context.support.DirtiesContextTestExecutionListener, org.springframework.test.context.transaction.TransactionalTestExecutionListener, org.springframework.test.context.jdbc.SqlScriptsTestExecutionListener, org.springframework.test.context.event.EventPublishingTestExecutionListener]
22:29:09.528 [Test worker] INFO org.springframework.boot.test.context.SpringBootTestContextBootstrapper - Using TestExecutionListeners: [org.springframework.test.context.web.ServletTestExecutionListener@3faf3bbe, org.springframework.test.context.support.DirtiesContextBeforeModesTestExecutionListener@f22856a, org.springframework.boot.test.mock.mockito.MockitoTestExecutionListener@155c03d, org.springframework.boot.test.autoconfigure.SpringBootDependencyInjectionTestExecutionListener@54dc937a, org.springframework.test.context.support.DirtiesContextTestExecutionListener@12e82094, org.springframework.test.context.transaction.TransactionalTestExecutionListener@97afe76, org.springframework.test.context.jdbc.SqlScriptsTestExecutionListener@2601934c, org.springframework.test.context.event.EventPublishingTestExecutionListener@16f683b5, org.springframework.boot.test.autoconfigure.restdocs.RestDocsTestExecutionListener@4549ed7f, org.springframework.boot.test.autoconfigure.web.client.MockRestServiceServerResetTestExecutionListener@1b9e22ee, org.springframework.boot.test.autoconfigure.web.servlet.MockMvcPrintOnlyOnFailureTestExecutionListener@31af4922, org.springframework.boot.test.autoconfigure.web.servlet.WebDriverTestExecutionListener@13e69f89, org.springframework.boot.test.autoconfigure.webservices.client.MockWebServiceServerTestExecutionListener@19ceaa9f, org.springframework.boot.test.mock.mockito.ResetMocksTestExecutionListener@73ad721a]
22:29:09.534 [Test worker] DEBUG org.springframework.test.context.support.AbstractDirtiesContextTestExecutionListener - Before test class: context [DefaultTestContext@170ae119 testClass = Team24backendApplicationTests, testInstance = [null], testMethod = [null], testException = [null], mergedContextConfiguration = [WebMergedContextConfiguration@6c62b565 testClass = Team24backendApplicationTests, locations = '{}', classes = '{class ee.taltech.team24backend.Team24backendApplication}', contextInitializerClasses = '[]', activeProfiles = '{}', propertySourceLocations = '{}', propertySourceProperties = '{org.springframework.boot.test.context.SpringBootTestContextBootstrapper=true}', contextCustomizers = set[org.springframework.boot.test.autoconfigure.properties.PropertyMappingContextCustomizer@0, org.springframework.boot.test.autoconfigure.web.servlet.WebDriverContextCustomizerFactory$Customizer@483921f5, org.springframework.boot.test.context.filter.ExcludeFilterContextCustomizer@76a98426, org.springframework.boot.test.json.DuplicateJsonObjectContextCustomizerFactory$DuplicateJsonObjectContextCustomizer@1619b0d, org.springframework.boot.test.mock.mockito.MockitoContextCustomizer@0, org.springframework.boot.test.web.client.TestRestTemplateContextCustomizer@278072d3, org.springframework.boot.test.context.SpringBootTestArgs@1], resourceBasePath = 'src/main/webapp', contextLoader = 'org.springframework.boot.test.context.SpringBootContextLoader', parent = [null]], attributes = map['org.springframework.test.context.web.ServletTestExecutionListener.activateListener' -> true]], class annotated with @DirtiesContext [false] with mode [null].
22:29:09.576 [Test worker] DEBUG org.springframework.test.context.support.TestPropertySourceUtils - Adding inlined properties to environment: {spring.jmx.enabled=false, org.springframework.boot.test.context.SpringBootTestContextBootstrapper=true}

  .   ____          _            __ _ _
 /\\ / ___'_ __ _ _(_)_ __  __ _ \ \ \ \
( ( )\___ | '_ | '_| | '_ \/ _` | \ \ \ \
 \\/  ___)| |_)| | | | | || (_| |  ) ) ) )
  '  |____| .__|_| |_|_| |_\__, | / / / /
 =========|_|==============|___/=/_/_/_/
 :: Spring Boot ::        (v2.3.4.RELEASE)

2020-10-09 22:29:10.011  INFO 15084 --- [    Test worker] e.t.t.Team24backendApplicationTests      : Starting Team24backendApplicationTests on DESKTOP-SMNIPBR with PID 15084 (started by MSI in C:\Users\MSI\IdeaProjects\iti0203-2020-team24-back)
2020-10-09 22:29:10.013  INFO 15084 --- [    Test worker] e.t.t.Team24backendApplicationTests      : No active profile set, falling back to default profiles: default
2020-10-09 22:29:11.408  INFO 15084 --- [    Test worker] .s.d.r.c.RepositoryConfigurationDelegate : Bootstrapping Spring Data JPA repositories in DEFERRED mode.
2020-10-09 22:29:11.490  INFO 15084 --- [    Test worker] .s.d.r.c.RepositoryConfigurationDelegate : Finished Spring Data repository scanning in 70ms. Found 2 JPA repository interfaces.
2020-10-09 22:29:12.327  INFO 15084 --- [    Test worker] o.f.c.internal.license.VersionPrinter    : Flyway Community Edition 6.4.4 by Redgate
2020-10-09 22:29:12.336  INFO 15084 --- [    Test worker] com.zaxxer.hikari.HikariDataSource       : HikariPool-1 - Starting...
2020-10-09 22:29:21.250  INFO 15084 --- [    Test worker] com.zaxxer.hikari.HikariDataSource       : HikariPool-1 - Start completed.
2020-10-09 22:29:21.275  INFO 15084 --- [    Test worker] o.f.c.internal.database.DatabaseFactory  : Database: jdbc:h2:./h2/movies (H2 1.4)
2020-10-09 22:29:21.337  INFO 15084 --- [    Test worker] o.f.core.internal.command.DbValidate     : Successfully validated 0 migrations (execution time 00:00.018s)
2020-10-09 22:29:21.337  WARN 15084 --- [    Test worker] o.f.core.internal.command.DbValidate     : No migrations found. Are your locations set up correctly?
2020-10-09 22:29:21.360  INFO 15084 --- [    Test worker] o.f.core.internal.command.DbMigrate      : Current version of schema "PUBLIC": << Empty Schema >>
2020-10-09 22:29:21.365  INFO 15084 --- [    Test worker] o.f.core.internal.command.DbMigrate      : Schema "PUBLIC" is up to date. No migration necessary.
2020-10-09 22:29:21.580  INFO 15084 --- [    Test worker] o.s.s.concurrent.ThreadPoolTaskExecutor  : Initializing ExecutorService 'applicationTaskExecutor'
2020-10-09 22:29:21.688  INFO 15084 --- [         task-1] o.hibernate.jpa.internal.util.LogHelper  : HHH000204: Processing PersistenceUnitInfo [name: default]
2020-10-09 22:29:21.796  INFO 15084 --- [         task-1] org.hibernate.Version                    : HHH000412: Hibernate ORM core version 5.4.21.Final
2020-10-09 22:29:22.098  INFO 15084 --- [         task-1] o.hibernate.annotations.common.Version   : HCANN000001: Hibernate Commons Annotations {5.1.0.Final}
2020-10-09 22:29:22.312  WARN 15084 --- [    Test worker] JpaBaseConfiguration$JpaWebConfiguration : spring.jpa.open-in-view is enabled by default. Therefore, database queries may be performed during view rendering. Explicitly configure spring.jpa.open-in-view to disable this warning
2020-10-09 22:29:22.383  INFO 15084 --- [         task-1] org.hibernate.dialect.Dialect            : HHH000400: Using dialect: org.hibernate.dialect.H2Dialect
2020-10-09 22:29:22.512  INFO 15084 --- [    Test worker] o.s.b.a.h2.H2ConsoleAutoConfiguration    : H2 console available at '/h2-console'. Database available at 'jdbc:h2:./h2/movies'
2020-10-09 22:29:23.662  INFO 15084 --- [         task-1] o.h.e.t.j.p.i.JtaPlatformInitiator       : HHH000490: Using JtaPlatform implementation: [org.hibernate.engine.transaction.jta.platform.internal.NoJtaPlatform]
2020-10-09 22:29:23.679  INFO 15084 --- [         task-1] j.LocalContainerEntityManagerFactoryBean : Initialized JPA EntityManagerFactory for persistence unit 'default'
2020-10-09 22:29:24.356  INFO 15084 --- [    Test worker] DeferredRepositoryInitializationListener : Triggering deferred initialization of Spring Data repositories…
2020-10-09 22:29:24.758  INFO 15084 --- [    Test worker] DeferredRepositoryInitializationListener : Spring Data repositories initialized!
2020-10-09 22:29:24.771  INFO 15084 --- [    Test worker] e.t.t.Team24backendApplicationTests      : Started Team24backendApplicationTests in 15.176 seconds (JVM running for 17.057)
]]></system-out>
  <system-err><![CDATA[]]></system-err>
</testsuite>
